<?xml version="1.0" encoding="UTF-8"?>
<!-- Generated by org.testng.reporters.JUnitReportReporter -->
<testsuite skipped="0" hostname="2016-20170725SS" name="TestModule1.TestMavenSureFirePlugin" tests="1" failures="0" timestamp="09 三月 2018 14:32:36 GMT" time="3.505" errors="0">
  <testcase name="start" time="3.505" classname="TestModule1.TestMavenSureFirePlugin"/>
</testsuite> <!-- TestModule1.TestMavenSureFirePlugin -->
