<?xml version="1.0" encoding="UTF-8"?>
<!-- Generated by org.testng.reporters.JUnitReportReporter -->
<testsuite skipped="0" hostname="2016-20170725SS" name="TestModule3.TestMutipleThreads" tests="2" failures="0" timestamp="10 三月 2018 02:51:31 GMT" time="34.200" errors="0">
  <testcase name="visit51buy" time="27.798" classname="TestModule3.TestMutipleThreads"/>
  <testcase name="visitJD" time="6.402" classname="TestModule3.TestMutipleThreads"/>
</testsuite> <!-- TestModule3.TestMutipleThreads -->
