<?xml version="1.0" encoding="UTF-8"?>
<!-- Generated by org.testng.reporters.JUnitReportReporter -->
<testsuite skipped="0" hostname="2016-20170725SS" name="TestModule3.TestMutipleThreads" tests="2" failures="0" timestamp="10 三月 2018 02:58:48 GMT" time="9.768" errors="0">
  <testcase name="visitJD" time="5.951" classname="TestModule3.TestMutipleThreads"/>
  <testcase name="visit51buy" time="3.817" classname="TestModule3.TestMutipleThreads"/>
</testsuite> <!-- TestModule3.TestMutipleThreads -->
