<?xml version="1.0" encoding="UTF-8"?>
<!-- Generated by org.testng.reporters.JUnitReportReporter -->
<testsuite skipped="0" hostname="2016-20170725SS" name="TestModule2.TestJaveInPom" tests="1" failures="0" timestamp="10 三月 2018 02:58:48 GMT" time="0.225" errors="0">
  <testcase name="start" time="0.225" classname="TestModule2.TestJaveInPom"/>
</testsuite> <!-- TestModule2.TestJaveInPom -->
